[2026-07-01 22:31:21] [INFO] 北京时间: beijing=2026-07-02 data=2026-07-01 pred=2026-07-02
[2026-07-01 22:31:23] [INFO] 持仓拉取: 持仓跟踪.xlsx 已同步
[2026-07-01 22:31:23] [INFO] 持仓拉取: 推荐历史_20260623.json 已更新
[2026-07-01 22:31:23] [INFO] 持仓拉取: 推荐历史_20260629.json 已更新
[2026-07-01 22:31:23] [INFO] 持仓拉取: 推荐历史_20260626.json 已更新
[2026-07-01 22:31:23] [INFO] 持仓拉取: 推荐历史_20260625.json 已更新
[2026-07-01 22:31:23] [INFO] 持仓拉取: 推荐历史_20260624.json 已更新
[2026-07-01 22:31:23] [INFO] 持仓拉取: 推荐历史_20260622.json 已更新
[2026-07-01 22:31:23] [INFO] 持仓拉取: 推荐历史_20260630.json 已更新
[2026-07-01 22:31:23] [INFO] 持仓拉取: 行业缓存.json 已同步
[2026-07-01 22:31:23] [INFO] 持仓拉取: 二级行业缓存.json 已同步
[2026-07-01 22:31:23] [INFO] 极端行情: 上证4112 涨跌0.44%
[2026-07-01 22:31:23] [INFO] 清理: 已清理37条过期记录
[2026-07-01 22:31:23] [INFO] 文件初始化: 版本=v6.12.18 参数=18
[2026-07-01 22:31:23] [INFO] 版本检查: 历史版本≠策略调整版本v6.12.18
[2026-07-01 22:31:24] [INFO] 大盘环境: 上证4112 涨跌0.44%
[2026-07-01 22:34:10] [INFO] 北京时间: beijing=2026-07-02 data=2026-07-01 pred=2026-07-02
[2026-07-01 22:34:11] [INFO] 持仓拉取: 持仓跟踪.xlsx 已同步
[2026-07-01 22:34:11] [INFO] 持仓拉取: 推荐历史_20260623.json 已更新
[2026-07-01 22:34:11] [INFO] 持仓拉取: 推荐历史_20260629.json 已更新
[2026-07-01 22:34:11] [INFO] 持仓拉取: 推荐历史_20260626.json 已更新
[2026-07-01 22:34:11] [INFO] 持仓拉取: 推荐历史_20260625.json 已更新
[2026-07-01 22:34:11] [INFO] 持仓拉取: 推荐历史_20260624.json 已更新
[2026-07-01 22:34:11] [INFO] 持仓拉取: 推荐历史_20260622.json 已更新
[2026-07-01 22:34:11] [INFO] 持仓拉取: 推荐历史_20260630.json 已更新
[2026-07-01 22:34:11] [INFO] 持仓拉取: 行业缓存.json 已同步
[2026-07-01 22:34:11] [INFO] 持仓拉取: 二级行业缓存.json 已同步
[2026-07-01 22:34:11] [INFO] 极端行情: 上证4112 涨跌0.44%
[2026-07-01 22:34:12] [INFO] 清理: 已清理37条过期记录
[2026-07-01 22:34:12] [INFO] 文件初始化: 版本=v6.12.18 参数=18
[2026-07-01 22:34:12] [INFO] 大盘环境: 上证4112 涨跌0.44%
[2026-07-01 22:34:22] [INFO] 大盘环境: 判断: 震荡 仓位55%
[2026-07-01 22:35:58] [INFO] 行情采集: 腾讯(一级) 成功拉取 4930 只
[2026-07-01 22:35:58] [WARNING] 财务数据: 质押/商誉/解禁API已废弃，硬排除规则13-15降级跳过
[2026-07-01 22:38:13] [INFO] K线拉取: 获取500只历史K线(KDJ迭代+BOLL)
[2026-07-01 22:38:13] [WARNING] K线降级: pytdx仅0只有效(0/500)，切换到东方财富HTTP
[2026-07-01 22:38:24] [INFO] K线HTTP: 腾讯HTTP获取500只(498只有效)
[2026-07-01 22:38:24] [INFO] 硬排除: 通过443只 排除57只 7日推荐150只
[2026-07-01 22:40:24] [INFO] 北京时间: beijing=2026-07-02 data=2026-07-01 pred=2026-07-02
[2026-07-01 22:40:26] [INFO] 持仓拉取: 持仓跟踪.xlsx 已同步
[2026-07-01 22:40:26] [INFO] 持仓拉取: 推荐历史_20260623.json 已更新
[2026-07-01 22:40:26] [INFO] 持仓拉取: 推荐历史_20260629.json 已更新
[2026-07-01 22:40:26] [INFO] 持仓拉取: 推荐历史_20260626.json 已更新
[2026-07-01 22:40:26] [INFO] 持仓拉取: 推荐历史_20260625.json 已更新
[2026-07-01 22:40:26] [INFO] 持仓拉取: 推荐历史_20260624.json 已更新
[2026-07-01 22:40:26] [INFO] 持仓拉取: 推荐历史_20260622.json 已更新
[2026-07-01 22:40:26] [INFO] 持仓拉取: 推荐历史_20260630.json 已更新
[2026-07-01 22:40:26] [INFO] 持仓拉取: 行业缓存.json 已同步
[2026-07-01 22:40:26] [INFO] 持仓拉取: 二级行业缓存.json 已同步
[2026-07-01 22:40:26] [INFO] 极端行情: 上证4112 涨跌0.44%
[2026-07-01 22:40:26] [INFO] 清理: 已清理37条过期记录
[2026-07-01 22:40:26] [INFO] 文件初始化: 版本=v6.12.18 参数=18
[2026-07-01 22:40:26] [INFO] 大盘环境: 上证4112 涨跌0.44%
[2026-07-01 22:40:37] [INFO] 大盘环境: 判断: 震荡 仓位55%
[2026-07-01 22:42:12] [INFO] 行情采集: 腾讯(一级) 成功拉取 4930 只
[2026-07-01 22:42:12] [WARNING] 财务数据: 质押/商誉/解禁API已废弃，硬排除规则13-15降级跳过
[2026-07-01 22:44:26] [INFO] K线拉取: 获取500只历史K线(KDJ迭代+BOLL)
[2026-07-01 22:44:26] [WARNING] K线降级: pytdx仅0只有效(0/500)，切换到东方财富HTTP
[2026-07-01 22:44:37] [INFO] K线HTTP: 腾讯HTTP获取500只(498只有效)
[2026-07-01 22:44:37] [INFO] 硬排除: 通过443只 排除57只 7日推荐150只
[2026-07-01 22:46:36] [INFO] 财务数据: F10基本面: 443只成功, 0只失败
[2026-07-01 22:46:36] [WARNING] 风险事件: 解禁API不可达: <urlopen error [SSL: UNEXPECTED_EOF_WHILE_READING] EOF occur，使用内置数据缓冲
[2026-07-01 22:46:36] [INFO] 风险事件: 解禁(内置): 4只
[2026-07-01 22:46:36] [INFO] 风险事件: 业绩预告强制披露窗口(7月1-15日)
[2026-07-01 22:49:21] [INFO] 拥挤度: 机构持仓: 443只成功/0只失败, 减持≥2家: 0只, 融资过热代理: 1只
[2026-07-01 22:49:21] [INFO] 二级行业: 缓存命中441只/缺失2只
[2026-07-01 22:49:21] [INFO] 信号过滤: 通过86只 排除357只
[2026-07-01 22:49:21] [INFO] 策略匹配: 匹配60只
[2026-07-01 22:49:21] [INFO] 行业限制: 通过28只 (原始50只, 弹性+4)
[2026-07-01 22:49:28] [INFO] 新闻筛查: 全部通过，未发现利空
[2026-07-01 22:49:32] [INFO] TOP10增强: 龙虎榜0/10 正面新闻0/10 公司公告7/10
[2026-07-01 22:49:40] [INFO] 主力资金: 获取28只/28只
[2026-07-01 22:50:46] [INFO] Markdown: 已输出至 /workspace/短线标的_2026-07-02.md
[2026-07-01 22:50:46] [INFO] HTML报告: 已生成至 /workspace/ashare-screening-20260702/ashare-screening-20260702.html
[2026-07-01 22:50:46] [INFO] 最终验证: 通过（28只）
[2026-07-01 22:50:46] [INFO] 最终验证: 通过（28只）
[2026-07-01 22:50:46] [INFO] 推荐历史: 已追加28条
[2026-07-01 22:50:50] [INFO] GitHub同步: ✅ 2026-07-02 已推送
[2026-07-01 22:50:50] [INFO] 飞书推送: ✅ 2026-07-02 已推送
